Build started 2016/11/17 22:33:45.
     1>Project "E:\github\ImagePlat\ImagePlat\OpenCVPlat\OpenCVPlat.vcxproj" on node 2 (Build target(s)).
     1>ClCompile:
         D:\Program Files (x86)\Microsoft Visual Studio 12.0\VC\bin\CL.exe /c /ID:\OpenCv\opencv\build\include /ZI /nologo /W3 /WX- /Od /Oy- /D WIN32 /D _WINDOWS /D _DEBUG /D _UNICODE /D UNICODE /D _AFXDLL /Gm /EHsc /RTC1 /MDd /GS /fp:precise /Zc:wchar_t /Zc:forScope /Yu"stdafx.h" /Fp"Debug\OpenCVPlat.pch" /Fo"Debug\\" /Fd"Debug\vc120.pdb" /Gd /TP /analyze- /errorReport:prompt retinex.cpp
         retinex.cpp
       Link:
         D:\Program Files (x86)\Microsoft Visual Studio 12.0\VC\bin\link.exe /ERRORREPORT:PROMPT /OUT:"E:\github\ImagePlat\ImagePlat\Debug\OpenCVPlat.exe" /INCREMENTAL /NOLOGO /LIBPATH:D:\OpenCv\opencv\build\x86\vc12\lib opencv_calib3d2413d.lib opencv_contrib2413d.lib opencv_core2413d.lib opencv_features2d2413d.lib opencv_flann2413d.lib opencv_gpu2413d.lib opencv_highgui2413d.lib opencv_imgproc2413d.lib opencv_legacy2413d.lib opencv_ml2413d.lib opencv_nonfree2413d.lib opencv_objdetect2413d.lib opencv_ocl2413d.lib opencv_photo2413d.lib opencv_stitching2413d.lib opencv_superres2413d.lib opencv_ts2413d.lib opencv_video2413d.lib opencv_videostab2413d.lib /MANIFEST /MANIFESTUAC:"level='asInvoker' uiAccess='false'" /manifest:embed /manifestinput:"D:\Program Files (x86)\Microsoft Visual Studio 12.0\VC\Include\Manifest\dpiaware.manifest" /DEBUG /PDB:"E:\github\ImagePlat\ImagePlat\Debug\OpenCVPlat.pdb" /SUBSYSTEM:WINDOWS /TLBID:1 /ENTRY:"wWinMainCRTStartup" /DYNAMICBASE /NXCOMPAT /IMPLIB:"E:\github\ImagePlat\ImagePlat\Debug\OpenCVPlat.lib" /MACHINE:X86 Debug\OpenCVPlat.res
         Debug\bilateralFilter.obj
         Debug\Canny.obj
         Debug\clahe.obj
         Debug\BoxBlur.obj
         Debug\ColorBalance.obj
         Debug\ColorConvert.obj
         Debug\DCT.obj
         Debug\DialogVignette.obj
         Debug\FindEdges.obj
         Debug\GaussianBlur.obj
         Debug\HistgramBinaryzation.obj
         Debug\Histogram.obj
         Debug\GrayWorld.obj
         Debug\ImageUtility.obj
         Debug\Inpainting.obj
         Debug\Liquify.obj
         Debug\Lomo.obj
         Debug\MainFrm.obj
         Debug\MedianFilter.obj
         Debug\MoravecFP.obj
         Debug\OpenCVPlat.obj
         Debug\OpenCVPlatDoc.obj
         Debug\OpenCVPlatView.obj
         Debug\Otsu.obj
         Debug\retinex.obj
         Debug\Saturation.obj
         Debug\SelectiveBlur.obj
         Debug\Sharpen.obj
         Debug\Skin.obj
         Debug\SSR.obj
         Debug\stdafx.obj
         Debug\TVDenoising.obj
         Debug\Vignette.obj
         OpenCVPlat.vcxproj -> E:\github\ImagePlat\ImagePlat\Debug\OpenCVPlat.exe
     1>Done Building Project "E:\github\ImagePlat\ImagePlat\OpenCVPlat\OpenCVPlat.vcxproj" (Build target(s)).

Build succeeded.

Time Elapsed 00:00:05.73
